0 info it worked if it ends with ok
1 verbose cli [ 'node', '/usr/local/bin/npm', 'install', '-g', 'twilio' ]
2 info using npm@2.0.0
3 info using node@v0.11.14
4 verbose cache add [ 'twilio', null ]
5 verbose cache add spec="twilio" args=["twilio",null]
6 verbose parsed spec { raw: 'twilio',
6 verbose parsed spec   scope: null,
6 verbose parsed spec   name: 'twilio',
6 verbose parsed spec   rawSpec: '',
6 verbose parsed spec   spec: '*',
6 verbose parsed spec   type: 'range' }
7 verbose parsed spec { raw: 'twilio',
7 verbose parsed spec   scope: null,
7 verbose parsed spec   name: 'twilio',
7 verbose parsed spec   rawSpec: '',
7 verbose parsed spec   spec: '*',
7 verbose parsed spec   type: 'range' }
8 verbose addNamed [ 'twilio', '*' ]
9 verbose addNamed [ null, '*' ]
10 silly lockFile b876880c-twilio twilio@*
11 verbose lock twilio@* /Users/lindsay/.npm/b876880c-twilio.lock
12 silly addNameRange { name: 'twilio', range: '*', hasData: false }
13 verbose mapToRegistry name twilio
14 verbose mapToRegistry uri https://registry.npmjs.org/twilio
15 verbose request on initialization, where is /twilio
16 verbose request after pass 1, where is /twilio
17 verbose request url raw /twilio
18 verbose request resolving registry [ 'https://registry.npmjs.org/', './twilio' ]
19 verbose request after pass 2, where is https://registry.npmjs.org/twilio
20 verbose request no auth needed
21 info attempt registry request try #1 at 17:28:21
22 verbose request id 2489dee1657f3470
23 verbose etag "2YIP8VD834XBGZJ0NUIRDTK87"
24 http request GET https://registry.npmjs.org/twilio
25 http 304 https://registry.npmjs.org/twilio
26 silly registry.get cb [ 304,
26 silly registry.get   { date: 'Fri, 23 Jan 2015 22:28:23 GMT',
26 silly registry.get     server: 'Apache',
26 silly registry.get     via: '1.1 varnish',
26 silly registry.get     'last-modified': 'Fri, 23 Jan 2015 22:28:23 GMT',
26 silly registry.get     'cache-control': 'max-age=60',
26 silly registry.get     etag: '"2YIP8VD834XBGZJ0NUIRDTK87"',
26 silly registry.get     age: '0',
26 silly registry.get     'x-served-by': 'cache-atl6227-ATL',
26 silly registry.get     'x-cache': 'HIT',
26 silly registry.get     'x-cache-hits': '1',
26 silly registry.get     'x-timer': 'S1422052103.134637,VS0,VE24',
26 silly registry.get     vary: 'Accept',
26 silly registry.get     'content-length': '0',
26 silly registry.get     connection: 'close' } ]
27 verbose etag https://registry.npmjs.org/twilio from cache
28 silly addNameRange number 2 { name: 'twilio', range: '*', hasData: true }
29 silly addNameRange versions [ 'twilio',
29 silly addNameRange   [ '0.0.0',
29 silly addNameRange     '0.0.1',
29 silly addNameRange     '0.0.3',
29 silly addNameRange     '0.0.4',
29 silly addNameRange     '0.2.0',
29 silly addNameRange     '0.3.0',
29 silly addNameRange     '0.4.0',
29 silly addNameRange     '0.3.3',
29 silly addNameRange     '0.4.1',
29 silly addNameRange     '0.5.0',
29 silly addNameRange     '0.6.0',
29 silly addNameRange     '0.6.1',
29 silly addNameRange     '0.6.2',
29 silly addNameRange     '0.7.0',
29 silly addNameRange     '0.7.1',
29 silly addNameRange     '0.8.0',
29 silly addNameRange     '0.8.1',
29 silly addNameRange     '1.0.0',
29 silly addNameRange     '1.0.1',
29 silly addNameRange     '1.1.0',
29 silly addNameRange     '1.1.1',
29 silly addNameRange     '1.1.2',
29 silly addNameRange     '1.1.3',
29 silly addNameRange     '1.1.4',
29 silly addNameRange     '1.2.0',
29 silly addNameRange     '1.3.0',
29 silly addNameRange     '1.4.0',
29 silly addNameRange     '1.5.0',
29 silly addNameRange     '1.6.0',
29 silly addNameRange     '1.7.0',
29 silly addNameRange     '1.8.0',
29 silly addNameRange     '1.9.0',
29 silly addNameRange     '1.10.0' ] ]
30 verbose addNamed [ 'twilio', '1.10.0' ]
31 verbose addNamed [ '1.10.0', '1.10.0' ]
32 silly lockFile da910332-twilio-1-10-0 twilio@1.10.0
33 verbose lock twilio@1.10.0 /Users/lindsay/.npm/da910332-twilio-1-10-0.lock
34 silly lockFile da910332-twilio-1-10-0 twilio@1.10.0
35 silly lockFile da910332-twilio-1-10-0 twilio@1.10.0
36 silly lockFile b876880c-twilio twilio@*
37 silly lockFile b876880c-twilio twilio@*
38 silly resolved [ { name: 'twilio',
38 silly resolved     description: 'A Twilio helper library',
38 silly resolved     version: '1.10.0',
38 silly resolved     author: { name: 'Kevin Whinnery', email: 'kevin.whinnery@gmail.com' },
38 silly resolved     contributors: [ [Object] ],
38 silly resolved     repository:
38 silly resolved      { type: 'git',
38 silly resolved        url: 'https://github.com/twilio/twilio-node.git' },
38 silly resolved     dependencies:
38 silly resolved      { request: '2.27.x',
38 silly resolved        underscore: '1.x',
38 silly resolved        'jwt-simple': '0.1.x',
38 silly resolved        q: '0.9.7',
38 silly resolved        scmp: '0.0.3' },
38 silly resolved     devDependencies: { express: '3.x', 'jasmine-node': '*' },
38 silly resolved     scripts: { test: 'jasmine-node spec' },
38 silly resolved     main: './lib',
38 silly resolved     engines: { node: '>=0.8.0' },
38 silly resolved     gitHead: '1f64cd05fe04e622fb1800637103ecec200a629e',
38 silly resolved     bugs: { url: 'https://github.com/twilio/twilio-node/issues' },
38 silly resolved     homepage: 'https://github.com/twilio/twilio-node',
38 silly resolved     _id: 'twilio@1.10.0',
38 silly resolved     _shasum: 'b4004f1187baf818233a4dd5e13478d8df9101da',
38 silly resolved     _from: 'twilio@*',
38 silly resolved     _npmVersion: '1.4.28',
38 silly resolved     _npmUser: { name: 'kwhinnery', email: 'kevin.whinnery@gmail.com' },
38 silly resolved     maintainers: [ [Object], [Object] ],
38 silly resolved     dist:
38 silly resolved      { shasum: 'b4004f1187baf818233a4dd5e13478d8df9101da',
38 silly resolved        tarball: 'http://registry.npmjs.org/twilio/-/twilio-1.10.0.tgz' },
38 silly resolved     directories: {},
38 silly resolved     _resolved: 'https://registry.npmjs.org/twilio/-/twilio-1.10.0.tgz',
38 silly resolved     readme: 'ERROR: No README data found!' } ]
39 info install twilio@1.10.0 into /usr/local/lib
40 info installOne twilio@1.10.0
41 verbose lib/node_modules/twilio unbuild
42 verbose gentlyRm vacuuming /usr/local/lib/node_modules/twilio
43 verbose tar unpack /Users/lindsay/.npm/twilio/1.10.0/package.tgz
44 silly lockFile b901e3a4-sr-local-lib-node-modules-twilio tar:///usr/local/lib/node_modules/twilio
45 verbose lock tar:///usr/local/lib/node_modules/twilio /Users/lindsay/.npm/b901e3a4-sr-local-lib-node-modules-twilio.lock
46 silly lockFile 78256716-ay-npm-twilio-1-10-0-package-tgz tar:///Users/lindsay/.npm/twilio/1.10.0/package.tgz
47 verbose lock tar:///Users/lindsay/.npm/twilio/1.10.0/package.tgz /Users/lindsay/.npm/78256716-ay-npm-twilio-1-10-0-package-tgz.lock
48 verbose gentlyRm vacuuming /usr/local/lib/node_modules/twilio
49 silly gunzTarPerm modes [ '755', '644' ]
50 verbose fstream_path /usr/local/lib/node_modules/twilio
51 verbose fstream_type Directory
52 verbose fstream_class DirWriter
53 verbose stack Error: EACCES, mkdir '/usr/local/lib/node_modules/twilio'
53 verbose stack     at Error (native)
54 verbose fstream_stack /usr/local/lib/node_modules/npm/node_modules/fstream/lib/dir-writer.js:36:23
54 verbose fstream_stack /usr/local/lib/node_modules/npm/node_modules/mkdirp/index.js:46:53
54 verbose fstream_stack Object.oncomplete (fs.js:93:15)
55 verbose cwd /Users/lindsay/fullstack/nyt
56 error Darwin 13.4.0
57 error argv "node" "/usr/local/bin/npm" "install" "-g" "twilio"
58 error node v0.11.14
59 error npm  v2.0.0
60 error path /usr/local/lib/node_modules/twilio
61 error code EACCES
62 error errno -13
63 error Error: EACCES, mkdir '/usr/local/lib/node_modules/twilio'
63 error     at Error (native)
63 error  { [Error: EACCES, mkdir '/usr/local/lib/node_modules/twilio']
63 error   stack: 'Error: EACCES, mkdir \'/usr/local/lib/node_modules/twilio\'\n    at Error (native)',
63 error   errno: -13,
63 error   code: 'EACCES',
63 error   path: '/usr/local/lib/node_modules/twilio',
63 error   fstream_type: 'Directory',
63 error   fstream_path: '/usr/local/lib/node_modules/twilio',
63 error   fstream_class: 'DirWriter',
63 error   fstream_stack:
63 error    [ '/usr/local/lib/node_modules/npm/node_modules/fstream/lib/dir-writer.js:36:23',
63 error      '/usr/local/lib/node_modules/npm/node_modules/mkdirp/index.js:46:53',
63 error      'Object.oncomplete (fs.js:93:15)' ] }
64 error Please try running this command again as root/Administrator.
65 verbose exit [ -13, true ]
